[23 Sep 2017 21:50:59,593] [ INFO] [] [Emulator                      runEmulator]:[17  ] - =========================Start Emulator =========================
[23 Sep 2017 21:50:59,733] [ INFO] [] [Emulator                      runEmulator]:[21  ] - =========================Emulator Launch Successfully =========================
[23 Sep 2017 21:50:59,749] [ INFO] [] [ReusableMethod                    waitFor]:[41  ] - wait for few seconeds .........  
[23 Sep 2017 21:51:04,754] [ INFO] [] [AppiumServer         checkIfServerIsRunnning]:[52  ] - Checking Appium Server Port is already running ...
[23 Sep 2017 21:51:04,773] [ INFO] [] [AppTest                         runAppium]:[45  ] - 4723 Port is not use .. create Appium server session ....
[23 Sep 2017 21:51:04,774] [ INFO] [] [AppiumServer            startAppiumServer]:[22  ] - ====================Start Appium Server=====================
[23 Sep 2017 21:51:45,908] [ INFO] [] [AppiumServer            startAppiumServer]:[31  ] - ====================Sucessfully Start Appium Server=====================
[23 Sep 2017 21:51:46,039] [ INFO] [] [App                       allow_Me_To_App]:[27  ] - ======================App Launch===================
[23 Sep 2017 21:51:46,041] [ INFO] [] [Driver                       capabilities]:[31  ] - =================Properties file loading======================
[23 Sep 2017 21:51:46,042] [ INFO] [] [Driver                       capabilities]:[33  ] - =================Properties file Loading======================
[23 Sep 2017 21:51:46,043] [ INFO] [] [Driver                       capabilities]:[44  ] - Hit Apppium URL ...
[23 Sep 2017 21:52:05,379] [ INFO] [] [ReusableMethod               implicitWait]:[32  ] - wait for full page load...
[23 Sep 2017 21:52:20,589] [ INFO] [] [ReusableMethod          waitForPageToLoad]:[20  ] - waitForPageToLoad()...
[23 Sep 2017 21:52:37,600] [ INFO] [] [AllowAppPage              allow_Me_To_App]:[41  ] - =====================App Launch sucessfully=====================
[23 Sep 2017 21:52:37,600] [ INFO] [] [ReusableMethod               implicitWait]:[32  ] - wait for full page load...
[23 Sep 2017 21:52:37,625] [ INFO] [] [App                              exit_App]:[41  ] - ======================Press back button for Exit the App=======================
[23 Sep 2017 21:52:37,627] [ INFO] [] [ReusableMethod               implicitWait]:[32  ] - wait for full page load...
[23 Sep 2017 21:52:43,250] [ INFO] [] [App                              exit_App]:[44  ] - ======================Sucessfully  Exit the App======================
[23 Sep 2017 21:52:43,545] [ INFO] [] [AppiumServer             stopAppiumServer]:[40  ] - =========================Stop Appium  Server======================
[23 Sep 2017 21:52:44,749] [ INFO] [] [AppiumServer             stopAppiumServer]:[42  ] - =========================Sucessfully Stop Appium  Server======================
